<?xml version="1.0" encoding="UTF-8"?>
<coverage generated="1538680078743" clover="3.2.0">
  <project timestamp="1538680078743" name="All files">
    <metrics statements="78" coveredstatements="71" conditionals="8" coveredconditionals="8" methods="38" coveredmethods="31" elements="124" coveredelements="110" complexity="0" loc="78" ncloc="78" packages="6" files="6" classes="6">
      <package name="Components.App">
        <metrics statements="21" coveredstatements="21" conditionals="0" coveredconditionals="0" methods="12" coveredmethods="12"/>
        <file name="App.js" path="/Users/torydberg/Projects/rachio-challenge/src/Components/App/App.js">
          <metrics statements="21" coveredstatements="21" conditionals="0" coveredconditionals="0" methods="12" coveredmethods="12"/>
          <line num="8" count="2" type="stmt"/>
          <line num="10" count="2" type="stmt"/>
          <line num="14" count="2" type="stmt"/>
          <line num="15" count="2" type="stmt"/>
          <line num="16" count="2" type="stmt"/>
          <line num="17" count="2" type="stmt"/>
          <line num="22" count="1" type="stmt"/>
          <line num="26" count="1" type="stmt"/>
          <line num="27" count="1" type="stmt"/>
          <line num="33" count="1" type="stmt"/>
          <line num="34" count="1" type="stmt"/>
          <line num="38" count="1" type="stmt"/>
          <line num="39" count="1" type="stmt"/>
          <line num="45" count="1" type="stmt"/>
          <line num="46" count="1" type="stmt"/>
          <line num="50" count="2" type="stmt"/>
          <line num="55" count="2" type="stmt"/>
          <line num="61" count="2" type="stmt"/>
          <line num="62" count="4" type="stmt"/>
          <line num="72" count="2" type="stmt"/>
          <line num="76" count="4" type="stmt"/>
        </file>
      </package>
      <package name="Components.Device">
        <metrics statements="27" coveredstatements="21" conditionals="4" coveredconditionals="4" methods="14" coveredmethods="8"/>
        <file name="Device.js" path="/Users/torydberg/Projects/rachio-challenge/src/Components/Device/Device.js">
          <metrics statements="27" coveredstatements="21" conditionals="4" coveredconditionals="4" methods="14" coveredmethods="8"/>
          <line num="8" count="10" type="stmt"/>
          <line num="10" count="10" type="stmt"/>
          <line num="15" count="10" type="stmt"/>
          <line num="16" count="10" type="stmt"/>
          <line num="17" count="10" type="stmt"/>
          <line num="18" count="10" type="stmt"/>
          <line num="19" count="10" type="stmt"/>
          <line num="25" count="2" type="stmt"/>
          <line num="26" count="2" type="stmt"/>
          <line num="29" count="2" type="stmt"/>
          <line num="33" count="2" type="cond" truecount="2" falsecount="0"/>
          <line num="34" count="1" type="stmt"/>
          <line num="39" count="2" type="stmt"/>
          <line num="40" count="1" type="stmt"/>
          <line num="47" count="1" type="stmt"/>
          <line num="48" count="1" type="stmt"/>
          <line num="54" count="0" type="stmt"/>
          <line num="58" count="0" type="stmt"/>
          <line num="59" count="0" type="stmt"/>
          <line num="70" count="0" type="stmt"/>
          <line num="73" count="0" type="stmt"/>
          <line num="77" count="18" type="stmt"/>
          <line num="78" count="18" type="stmt"/>
          <line num="89" count="0" type="stmt"/>
          <line num="104" count="1" type="stmt"/>
          <line num="107" count="1" type="stmt"/>
          <line num="123" count="3" type="stmt"/>
        </file>
      </package>
      <package name="Components.DeviceContainer">
        <metrics statements="7" coveredstatements="7" conditionals="2" coveredconditionals="2" methods="2" coveredmethods="2"/>
        <file name="DeviceContainer.js" path="/Users/torydberg/Projects/rachio-challenge/src/Components/DeviceContainer/DeviceContainer.js">
          <metrics statements="7" coveredstatements="7" conditionals="2" coveredconditionals="2" methods="2" coveredmethods="2"/>
          <line num="6" count="2" type="stmt"/>
          <line num="7" count="2" type="cond" truecount="2" falsecount="0"/>
          <line num="8" count="1" type="stmt"/>
          <line num="14" count="1" type="stmt"/>
          <line num="15" count="2" type="stmt"/>
          <line num="17" count="1" type="stmt"/>
          <line num="27" count="2" type="stmt"/>
        </file>
      </package>
      <package name="Components.Zone">
        <metrics statements="16" coveredstatements="15" conditionals="0" coveredconditionals="0" methods="8" coveredmethods="7"/>
        <file name="Zone.js" path="/Users/torydberg/Projects/rachio-challenge/src/Components/Zone/Zone.js">
          <metrics statements="16" coveredstatements="15" conditionals="0" coveredconditionals="0" methods="8" coveredmethods="7"/>
          <line num="8" count="6" type="stmt"/>
          <line num="10" count="6" type="stmt"/>
          <line num="15" count="6" type="stmt"/>
          <line num="16" count="6" type="stmt"/>
          <line num="20" count="1" type="stmt"/>
          <line num="21" count="1" type="stmt"/>
          <line num="27" count="2" type="stmt"/>
          <line num="28" count="2" type="stmt"/>
          <line num="29" count="2" type="stmt"/>
          <line num="40" count="2" type="stmt"/>
          <line num="41" count="0" type="stmt"/>
          <line num="45" count="11" type="stmt"/>
          <line num="46" count="11" type="stmt"/>
          <line num="59" count="1" type="stmt"/>
          <line num="62" count="1" type="stmt"/>
          <line num="73" count="5" type="stmt"/>
        </file>
      </package>
      <package name="Components.ZoneContainer">
        <metrics statements="6" coveredstatements="6" conditionals="2" coveredconditionals="2" methods="2" coveredmethods="2"/>
        <file name="ZoneContainer.js" path="/Users/torydberg/Projects/rachio-challenge/src/Components/ZoneContainer/ZoneContainer.js">
          <metrics statements="6" coveredstatements="6" conditionals="2" coveredconditionals="2" methods="2" coveredmethods="2"/>
          <line num="5" count="4" type="stmt"/>
          <line num="7" count="2" type="cond" truecount="2" falsecount="0"/>
          <line num="8" count="1" type="stmt"/>
          <line num="9" count="2" type="stmt"/>
          <line num="12" count="2" type="stmt"/>
          <line num="21" count="4" type="stmt"/>
        </file>
      </package>
      <package name="helpers">
        <metrics statements="1" coveredstatements="1" conditionals="0" coveredconditionals="0" methods="0" coveredmethods="0"/>
        <file name="apiKey.js" path="/Users/torydberg/Projects/rachio-challenge/src/helpers/apiKey.js">
          <metrics statements="1" coveredstatements="1" conditionals="0" coveredconditionals="0" methods="0" coveredmethods="0"/>
          <line num="1" count="5" type="stmt"/>
        </file>
      </package>
    </metrics>
  </project>
</coverage>
