{"/Users/torydberg/Projects/rachio-challenge/src/Components/App/App.js": {"path":"/Users/torydberg/Projects/rachio-challenge/src/Components/App/App.js","statementMap":{"0":{"start":{"line":8,"column":4},"end":{"line":8,"column":12}},"1":{"start":{"line":10,"column":4},"end":{"line":13,"column":6}},"2":{"start":{"line":14,"column":4},"end":{"line":14,"column":51}},"3":{"start":{"line":15,"column":4},"end":{"line":15,"column":55}},"4":{"start":{"line":16,"column":4},"end":{"line":16,"column":55}},"5":{"start":{"line":17,"column":4},"end":{"line":17,"column":59}},"6":{"start":{"line":22,"column":4},"end":{"line":22,"column":23}},"7":{"start":{"line":26,"column":16},"end":{"line":26,"column":58}},"8":{"start":{"line":27,"column":4},"end":{"line":34,"column":57}},"9":{"start":{"line":33,"column":24},"end":{"line":33,"column":39}},"10":{"start":{"line":34,"column":24},"end":{"line":34,"column":55}},"11":{"start":{"line":38,"column":16},"end":{"line":38,"column":63}},"12":{"start":{"line":39,"column":4},"end":{"line":46,"column":54}},"13":{"start":{"line":45,"column":24},"end":{"line":45,"column":39}},"14":{"start":{"line":46,"column":24},"end":{"line":46,"column":52}},"15":{"start":{"line":50,"column":17},"end":{"line":54,"column":5}},"16":{"start":{"line":55,"column":4},"end":{"line":57,"column":7}},"17":{"start":{"line":61,"column":23},"end":{"line":71,"column":6}},"18":{"start":{"line":62,"column":6},"end":{"line":70,"column":8}},"19":{"start":{"line":72,"column":4},"end":{"line":72,"column":24}},"20":{"start":{"line":76,"column":4},"end":{"line":83,"column":6}}},"fnMap":{"0":{"name":"(anonymous_0)","decl":{"start":{"line":7,"column":2},"end":{"line":7,"column":3}},"loc":{"start":{"line":7,"column":16},"end":{"line":19,"column":3}},"line":7},"1":{"name":"(anonymous_1)","decl":{"start":{"line":21,"column":2},"end":{"line":21,"column":3}},"loc":{"start":{"line":21,"column":22},"end":{"line":23,"column":3}},"line":21},"2":{"name":"(anonymous_2)","decl":{"start":{"line":25,"column":2},"end":{"line":25,"column":3}},"loc":{"start":{"line":25,"column":16},"end":{"line":35,"column":3}},"line":25},"3":{"name":"(anonymous_3)","decl":{"start":{"line":33,"column":12},"end":{"line":33,"column":13}},"loc":{"start":{"line":33,"column":24},"end":{"line":33,"column":39}},"line":33},"4":{"name":"(anonymous_4)","decl":{"start":{"line":34,"column":12},"end":{"line":34,"column":13}},"loc":{"start":{"line":34,"column":24},"end":{"line":34,"column":55}},"line":34},"5":{"name":"(anonymous_5)","decl":{"start":{"line":37,"column":2},"end":{"line":37,"column":3}},"loc":{"start":{"line":37,"column":24},"end":{"line":47,"column":3}},"line":37},"6":{"name":"(anonymous_6)","decl":{"start":{"line":45,"column":12},"end":{"line":45,"column":13}},"loc":{"start":{"line":45,"column":24},"end":{"line":45,"column":39}},"line":45},"7":{"name":"(anonymous_7)","decl":{"start":{"line":46,"column":12},"end":{"line":46,"column":13}},"loc":{"start":{"line":46,"column":24},"end":{"line":46,"column":52}},"line":46},"8":{"name":"(anonymous_8)","decl":{"start":{"line":49,"column":2},"end":{"line":49,"column":3}},"loc":{"start":{"line":49,"column":26},"end":{"line":58,"column":3}},"line":49},"9":{"name":"(anonymous_9)","decl":{"start":{"line":60,"column":2},"end":{"line":60,"column":3}},"loc":{"start":{"line":60,"column":27},"end":{"line":73,"column":3}},"line":60},"10":{"name":"(anonymous_10)","decl":{"start":{"line":61,"column":35},"end":{"line":61,"column":36}},"loc":{"start":{"line":61,"column":45},"end":{"line":71,"column":5}},"line":61},"11":{"name":"(anonymous_11)","decl":{"start":{"line":75,"column":2},"end":{"line":75,"column":3}},"loc":{"start":{"line":75,"column":11},"end":{"line":84,"column":3}},"line":75}},"branchMap":{},"s":{"0":2,"1":2,"2":2,"3":2,"4":2,"5":2,"6":1,"7":1,"8":1,"9":1,"10":1,"11":1,"12":1,"13":1,"14":1,"15":2,"16":2,"17":2,"18":4,"19":2,"20":4},"f":{"0":2,"1":1,"2":1,"3":1,"4":1,"5":1,"6":1,"7":1,"8":2,"9":2,"10":4,"11":4},"b":{},"_coverageSchema":"332fd63041d2c1bcb487cc26dd0d5f7d97098a6c","hash":"73241f5570de8eb9d9d3baf0fe116431a927d1f8"}
,"/Users/torydberg/Projects/rachio-challenge/src/Components/Device/Device.js": {"path":"/Users/torydberg/Projects/rachio-challenge/src/Components/Device/Device.js","statementMap":{"0":{"start":{"line":7,"column":4},"end":{"line":7,"column":12}},"1":{"start":{"line":9,"column":4},"end":{"line":13,"column":6}},"2":{"start":{"line":14,"column":4},"end":{"line":14,"column":49}},"3":{"start":{"line":15,"column":4},"end":{"line":15,"column":65}},"4":{"start":{"line":16,"column":4},"end":{"line":16,"column":53}},"5":{"start":{"line":17,"column":4},"end":{"line":17,"column":61}},"6":{"start":{"line":18,"column":4},"end":{"line":18,"column":53}},"7":{"start":{"line":24,"column":8},"end":{"line":24,"column":12}},"8":{"start":{"line":25,"column":19},"end":{"line":27,"column":5}},"9":{"start":{"line":28,"column":4},"end":{"line":28,"column":20}},"10":{"start":{"line":32,"column":4},"end":{"line":42,"column":5}},"11":{"start":{"line":33,"column":6},"end":{"line":35,"column":9}},"12":{"start":{"line":38,"column":23},"end":{"line":38,"column":63}},"13":{"start":{"line":38,"column":41},"end":{"line":38,"column":62}},"14":{"start":{"line":39,"column":6},"end":{"line":41,"column":9}},"15":{"start":{"line":46,"column":19},"end":{"line":46,"column":37}},"16":{"start":{"line":47,"column":4},"end":{"line":49,"column":7}},"17":{"start":{"line":53,"column":4},"end":{"line":53,"column":54}},"18":{"start":{"line":53,"column":26},"end":{"line":53,"column":52}},"19":{"start":{"line":57,"column":21},"end":{"line":57,"column":50}},"20":{"start":{"line":58,"column":4},"end":{"line":72,"column":69}},"21":{"start":{"line":69,"column":26},"end":{"line":71,"column":8}},"22":{"start":{"line":72,"column":22},"end":{"line":72,"column":67}},"23":{"start":{"line":76,"column":21},"end":{"line":76,"column":31}},"24":{"start":{"line":77,"column":4},"end":{"line":120,"column":6}},"25":{"start":{"line":86,"column":29},"end":{"line":86,"column":66}},"26":{"start":{"line":105,"column":35},"end":{"line":105,"column":59}},"27":{"start":{"line":109,"column":29},"end":{"line":109,"column":64}}},"fnMap":{"0":{"name":"(anonymous_0)","decl":{"start":{"line":6,"column":2},"end":{"line":6,"column":3}},"loc":{"start":{"line":6,"column":16},"end":{"line":19,"column":3}},"line":6},"1":{"name":"(anonymous_1)","decl":{"start":{"line":21,"column":2},"end":{"line":21,"column":3}},"loc":{"start":{"line":21,"column":19},"end":{"line":29,"column":3}},"line":21},"2":{"name":"(anonymous_2)","decl":{"start":{"line":31,"column":2},"end":{"line":31,"column":3}},"loc":{"start":{"line":31,"column":28},"end":{"line":43,"column":3}},"line":31},"3":{"name":"(anonymous_3)","decl":{"start":{"line":38,"column":33},"end":{"line":38,"column":34}},"loc":{"start":{"line":38,"column":41},"end":{"line":38,"column":62}},"line":38},"4":{"name":"(anonymous_4)","decl":{"start":{"line":45,"column":2},"end":{"line":45,"column":3}},"loc":{"start":{"line":45,"column":22},"end":{"line":50,"column":3}},"line":45},"5":{"name":"(anonymous_5)","decl":{"start":{"line":52,"column":2},"end":{"line":52,"column":3}},"loc":{"start":{"line":52,"column":26},"end":{"line":54,"column":3}},"line":52},"6":{"name":"(anonymous_6)","decl":{"start":{"line":53,"column":18},"end":{"line":53,"column":19}},"loc":{"start":{"line":53,"column":26},"end":{"line":53,"column":52}},"line":53},"7":{"name":"(anonymous_7)","decl":{"start":{"line":56,"column":2},"end":{"line":56,"column":3}},"loc":{"start":{"line":56,"column":19},"end":{"line":73,"column":3}},"line":56},"8":{"name":"(anonymous_8)","decl":{"start":{"line":69,"column":12},"end":{"line":69,"column":13}},"loc":{"start":{"line":69,"column":26},"end":{"line":71,"column":8}},"line":69},"9":{"name":"(anonymous_9)","decl":{"start":{"line":72,"column":13},"end":{"line":72,"column":14}},"loc":{"start":{"line":72,"column":22},"end":{"line":72,"column":67}},"line":72},"10":{"name":"(anonymous_10)","decl":{"start":{"line":75,"column":2},"end":{"line":75,"column":3}},"loc":{"start":{"line":75,"column":11},"end":{"line":121,"column":3}},"line":75},"11":{"name":"(anonymous_11)","decl":{"start":{"line":86,"column":23},"end":{"line":86,"column":24}},"loc":{"start":{"line":86,"column":29},"end":{"line":86,"column":66}},"line":86},"12":{"name":"(anonymous_12)","decl":{"start":{"line":105,"column":24},"end":{"line":105,"column":25}},"loc":{"start":{"line":105,"column":35},"end":{"line":105,"column":59}},"line":105},"13":{"name":"(anonymous_13)","decl":{"start":{"line":109,"column":23},"end":{"line":109,"column":24}},"loc":{"start":{"line":109,"column":29},"end":{"line":109,"column":64}},"line":109}},"branchMap":{"0":{"loc":{"start":{"line":32,"column":4},"end":{"line":42,"column":5}},"type":"if","locations":[{"start":{"line":32,"column":4},"end":{"line":42,"column":5}},{"start":{"line":32,"column":4},"end":{"line":42,"column":5}}],"line":32},"1":{"loc":{"start":{"line":89,"column":15},"end":{"line":89,"column":71}},"type":"cond-expr","locations":[{"start":{"line":89,"column":41},"end":{"line":89,"column":53}},{"start":{"line":89,"column":56},"end":{"line":89,"column":71}}],"line":89}},"s":{"0":9,"1":9,"2":9,"3":9,"4":9,"5":9,"6":9,"7":2,"8":2,"9":2,"10":2,"11":1,"12":1,"13":2,"14":1,"15":1,"16":1,"17":1,"18":2,"19":1,"20":1,"21":1,"22":0,"23":21,"24":21,"25":1,"26":1,"27":1},"f":{"0":9,"1":2,"2":2,"3":2,"4":1,"5":1,"6":2,"7":1,"8":1,"9":0,"10":21,"11":1,"12":1,"13":1},"b":{"0":[1,1],"1":[6,15]},"_coverageSchema":"332fd63041d2c1bcb487cc26dd0d5f7d97098a6c","hash":"a7dfe0efcb35078c00e43825637a7536099285f1"}
,"/Users/torydberg/Projects/rachio-challenge/src/Components/DeviceContainer/DeviceContainer.js": {"path":"/Users/torydberg/Projects/rachio-challenge/src/Components/DeviceContainer/DeviceContainer.js","statementMap":{"0":{"start":{"line":6,"column":24},"end":{"line":23,"column":1}},"1":{"start":{"line":7,"column":2},"end":{"line":22,"column":3}},"2":{"start":{"line":8,"column":4},"end":{"line":12,"column":6}},"3":{"start":{"line":14,"column":27},"end":{"line":16,"column":6}},"4":{"start":{"line":15,"column":6},"end":{"line":15,"column":51}},"5":{"start":{"line":17,"column":4},"end":{"line":21,"column":6}},"6":{"start":{"line":27,"column":0},"end":{"line":29,"column":2}}},"fnMap":{"0":{"name":"(anonymous_0)","decl":{"start":{"line":6,"column":24},"end":{"line":6,"column":25}},"loc":{"start":{"line":6,"column":41},"end":{"line":23,"column":1}},"line":6},"1":{"name":"(anonymous_1)","decl":{"start":{"line":14,"column":39},"end":{"line":14,"column":40}},"loc":{"start":{"line":14,"column":58},"end":{"line":16,"column":5}},"line":14}},"branchMap":{"0":{"loc":{"start":{"line":7,"column":2},"end":{"line":22,"column":3}},"type":"if","locations":[{"start":{"line":7,"column":2},"end":{"line":22,"column":3}},{"start":{"line":7,"column":2},"end":{"line":22,"column":3}}],"line":7}},"s":{"0":2,"1":2,"2":1,"3":1,"4":2,"5":1,"6":2},"f":{"0":2,"1":2},"b":{"0":[1,1]},"_coverageSchema":"332fd63041d2c1bcb487cc26dd0d5f7d97098a6c","hash":"3cd553b4b7ecc801ebe2c5e38f582a5e4aa1ecf3"}
,"/Users/torydberg/Projects/rachio-challenge/src/Components/Zone/Zone.js": {"path":"/Users/torydberg/Projects/rachio-challenge/src/Components/Zone/Zone.js","statementMap":{"0":{"start":{"line":8,"column":4},"end":{"line":8,"column":12}},"1":{"start":{"line":10,"column":4},"end":{"line":13,"column":6}},"2":{"start":{"line":15,"column":4},"end":{"line":15,"column":65}},"3":{"start":{"line":16,"column":4},"end":{"line":16,"column":53}},"4":{"start":{"line":20,"column":19},"end":{"line":20,"column":37}},"5":{"start":{"line":21,"column":4},"end":{"line":23,"column":7}},"6":{"start":{"line":27,"column":15},"end":{"line":27,"column":33}},"7":{"start":{"line":28,"column":21},"end":{"line":28,"column":50}},"8":{"start":{"line":29,"column":4},"end":{"line":41,"column":67}},"9":{"start":{"line":40,"column":18},"end":{"line":40,"column":54}},"10":{"start":{"line":41,"column":22},"end":{"line":41,"column":65}},"11":{"start":{"line":45,"column":19},"end":{"line":45,"column":29}},"12":{"start":{"line":46,"column":4},"end":{"line":76,"column":6}},"13":{"start":{"line":66,"column":33},"end":{"line":66,"column":57}},"14":{"start":{"line":69,"column":32},"end":{"line":69,"column":62}},"15":{"start":{"line":80,"column":0},"end":{"line":82,"column":2}}},"fnMap":{"0":{"name":"(anonymous_0)","decl":{"start":{"line":7,"column":2},"end":{"line":7,"column":3}},"loc":{"start":{"line":7,"column":16},"end":{"line":17,"column":3}},"line":7},"1":{"name":"(anonymous_1)","decl":{"start":{"line":19,"column":2},"end":{"line":19,"column":3}},"loc":{"start":{"line":19,"column":22},"end":{"line":24,"column":3}},"line":19},"2":{"name":"(anonymous_2)","decl":{"start":{"line":26,"column":2},"end":{"line":26,"column":3}},"loc":{"start":{"line":26,"column":28},"end":{"line":42,"column":3}},"line":26},"3":{"name":"(anonymous_3)","decl":{"start":{"line":40,"column":12},"end":{"line":40,"column":13}},"loc":{"start":{"line":40,"column":18},"end":{"line":40,"column":54}},"line":40},"4":{"name":"(anonymous_4)","decl":{"start":{"line":41,"column":13},"end":{"line":41,"column":14}},"loc":{"start":{"line":41,"column":22},"end":{"line":41,"column":65}},"line":41},"5":{"name":"(anonymous_5)","decl":{"start":{"line":44,"column":2},"end":{"line":44,"column":3}},"loc":{"start":{"line":44,"column":11},"end":{"line":77,"column":3}},"line":44},"6":{"name":"(anonymous_6)","decl":{"start":{"line":66,"column":22},"end":{"line":66,"column":23}},"loc":{"start":{"line":66,"column":33},"end":{"line":66,"column":57}},"line":66},"7":{"name":"(anonymous_7)","decl":{"start":{"line":69,"column":21},"end":{"line":69,"column":22}},"loc":{"start":{"line":69,"column":32},"end":{"line":69,"column":62}},"line":69}},"branchMap":{},"s":{"0":6,"1":6,"2":6,"3":6,"4":1,"5":1,"6":2,"7":2,"8":2,"9":2,"10":0,"11":11,"12":11,"13":1,"14":1,"15":5},"f":{"0":6,"1":1,"2":2,"3":2,"4":0,"5":11,"6":1,"7":1},"b":{},"_coverageSchema":"332fd63041d2c1bcb487cc26dd0d5f7d97098a6c","hash":"0bcf4fc2985da178e8363757bc5f85a6e38c2b15"}
,"/Users/torydberg/Projects/rachio-challenge/src/Components/ZoneContainer/ZoneContainer.js": {"path":"/Users/torydberg/Projects/rachio-challenge/src/Components/ZoneContainer/ZoneContainer.js","statementMap":{"0":{"start":{"line":4,"column":22},"end":{"line":16,"column":1}},"1":{"start":{"line":6,"column":2},"end":{"line":10,"column":3}},"2":{"start":{"line":7,"column":4},"end":{"line":9,"column":7}},"3":{"start":{"line":8,"column":6},"end":{"line":8,"column":46}},"4":{"start":{"line":11,"column":2},"end":{"line":15,"column":4}}},"fnMap":{"0":{"name":"(anonymous_0)","decl":{"start":{"line":4,"column":22},"end":{"line":4,"column":23}},"loc":{"start":{"line":4,"column":37},"end":{"line":16,"column":1}},"line":4},"1":{"name":"(anonymous_1)","decl":{"start":{"line":7,"column":31},"end":{"line":7,"column":32}},"loc":{"start":{"line":7,"column":48},"end":{"line":9,"column":5}},"line":7}},"branchMap":{"0":{"loc":{"start":{"line":6,"column":2},"end":{"line":10,"column":3}},"type":"if","locations":[{"start":{"line":6,"column":2},"end":{"line":10,"column":3}},{"start":{"line":6,"column":2},"end":{"line":10,"column":3}}],"line":6}},"s":{"0":4,"1":2,"2":1,"3":2,"4":2},"f":{"0":2,"1":2},"b":{"0":[1,1]},"_coverageSchema":"332fd63041d2c1bcb487cc26dd0d5f7d97098a6c","hash":"ad0133b92b5becc43203c6a0b5643ced8a02537d"}
,"/Users/torydberg/Projects/rachio-challenge/src/helpers/apiKey.js": {"path":"/Users/torydberg/Projects/rachio-challenge/src/helpers/apiKey.js","statementMap":{"0":{"start":{"line":1,"column":22},"end":{"line":1,"column":60}}},"fnMap":{},"branchMap":{},"s":{"0":5},"f":{},"b":{},"_coverageSchema":"332fd63041d2c1bcb487cc26dd0d5f7d97098a6c","hash":"bff774944f8ac3bceb0d5c7400348d6d5708ef9a"}
}
