{"/Users/torydberg/Projects/rachio-challenge/src/Components/App/App.js": {"path":"/Users/torydberg/Projects/rachio-challenge/src/Components/App/App.js","statementMap":{"0":{"start":{"line":8,"column":4},"end":{"line":8,"column":12}},"1":{"start":{"line":10,"column":4},"end":{"line":13,"column":6}},"2":{"start":{"line":17,"column":4},"end":{"line":17,"column":23}},"3":{"start":{"line":21,"column":16},"end":{"line":21,"column":58}},"4":{"start":{"line":22,"column":4},"end":{"line":29,"column":57}},"5":{"start":{"line":28,"column":24},"end":{"line":28,"column":39}},"6":{"start":{"line":29,"column":24},"end":{"line":29,"column":55}},"7":{"start":{"line":33,"column":16},"end":{"line":33,"column":63}},"8":{"start":{"line":34,"column":4},"end":{"line":41,"column":54}},"9":{"start":{"line":40,"column":24},"end":{"line":40,"column":39}},"10":{"start":{"line":41,"column":24},"end":{"line":41,"column":52}},"11":{"start":{"line":45,"column":17},"end":{"line":49,"column":5}},"12":{"start":{"line":50,"column":4},"end":{"line":52,"column":7}},"13":{"start":{"line":56,"column":23},"end":{"line":66,"column":6}},"14":{"start":{"line":57,"column":6},"end":{"line":65,"column":8}},"15":{"start":{"line":67,"column":4},"end":{"line":67,"column":24}},"16":{"start":{"line":71,"column":4},"end":{"line":78,"column":6}}},"fnMap":{"0":{"name":"(anonymous_0)","decl":{"start":{"line":7,"column":2},"end":{"line":7,"column":3}},"loc":{"start":{"line":7,"column":16},"end":{"line":14,"column":3}},"line":7},"1":{"name":"(anonymous_1)","decl":{"start":{"line":16,"column":2},"end":{"line":16,"column":3}},"loc":{"start":{"line":16,"column":22},"end":{"line":18,"column":3}},"line":16},"2":{"name":"(anonymous_2)","decl":{"start":{"line":20,"column":2},"end":{"line":20,"column":3}},"loc":{"start":{"line":20,"column":16},"end":{"line":30,"column":3}},"line":20},"3":{"name":"(anonymous_3)","decl":{"start":{"line":28,"column":12},"end":{"line":28,"column":13}},"loc":{"start":{"line":28,"column":24},"end":{"line":28,"column":39}},"line":28},"4":{"name":"(anonymous_4)","decl":{"start":{"line":29,"column":12},"end":{"line":29,"column":13}},"loc":{"start":{"line":29,"column":24},"end":{"line":29,"column":55}},"line":29},"5":{"name":"(anonymous_5)","decl":{"start":{"line":32,"column":2},"end":{"line":32,"column":3}},"loc":{"start":{"line":32,"column":24},"end":{"line":42,"column":3}},"line":32},"6":{"name":"(anonymous_6)","decl":{"start":{"line":40,"column":12},"end":{"line":40,"column":13}},"loc":{"start":{"line":40,"column":24},"end":{"line":40,"column":39}},"line":40},"7":{"name":"(anonymous_7)","decl":{"start":{"line":41,"column":12},"end":{"line":41,"column":13}},"loc":{"start":{"line":41,"column":24},"end":{"line":41,"column":52}},"line":41},"8":{"name":"(anonymous_8)","decl":{"start":{"line":44,"column":2},"end":{"line":44,"column":3}},"loc":{"start":{"line":44,"column":26},"end":{"line":53,"column":3}},"line":44},"9":{"name":"(anonymous_9)","decl":{"start":{"line":55,"column":2},"end":{"line":55,"column":3}},"loc":{"start":{"line":55,"column":27},"end":{"line":68,"column":3}},"line":55},"10":{"name":"(anonymous_10)","decl":{"start":{"line":56,"column":35},"end":{"line":56,"column":36}},"loc":{"start":{"line":56,"column":45},"end":{"line":66,"column":5}},"line":56},"11":{"name":"(anonymous_11)","decl":{"start":{"line":70,"column":2},"end":{"line":70,"column":3}},"loc":{"start":{"line":70,"column":11},"end":{"line":79,"column":3}},"line":70}},"branchMap":{},"s":{"0":0,"1":0,"2":0,"3":0,"4":0,"5":0,"6":0,"7":0,"8":0,"9":0,"10":0,"11":0,"12":0,"13":0,"14":0,"15":0,"16":0},"f":{"0":0,"1":0,"2":0,"3":0,"4":0,"5":0,"6":0,"7":0,"8":0,"9":0,"10":0,"11":0},"b":{},"_coverageSchema":"332fd63041d2c1bcb487cc26dd0d5f7d97098a6c","hash":"a78f0a437786e85cc993195c6e9d737c5106bff0"}
,"/Users/torydberg/Projects/rachio-challenge/src/Components/Device/Device.js": {"path":"/Users/torydberg/Projects/rachio-challenge/src/Components/Device/Device.js","statementMap":{"0":{"start":{"line":6,"column":4},"end":{"line":6,"column":12}},"1":{"start":{"line":8,"column":4},"end":{"line":11,"column":6}},"2":{"start":{"line":15,"column":4},"end":{"line":25,"column":5}},"3":{"start":{"line":16,"column":6},"end":{"line":18,"column":9}},"4":{"start":{"line":21,"column":23},"end":{"line":21,"column":63}},"5":{"start":{"line":21,"column":41},"end":{"line":21,"column":62}},"6":{"start":{"line":22,"column":6},"end":{"line":24,"column":9}},"7":{"start":{"line":29,"column":83},"end":{"line":29,"column":87}},"8":{"start":{"line":30,"column":19},"end":{"line":38,"column":5}},"9":{"start":{"line":39,"column":4},"end":{"line":39,"column":20}},"10":{"start":{"line":43,"column":19},"end":{"line":43,"column":37}},"11":{"start":{"line":44,"column":4},"end":{"line":46,"column":7}},"12":{"start":{"line":50,"column":21},"end":{"line":50,"column":31}},"13":{"start":{"line":51,"column":4},"end":{"line":82,"column":6}},"14":{"start":{"line":68,"column":33},"end":{"line":68,"column":57}},"15":{"start":{"line":72,"column":27},"end":{"line":72,"column":64}}},"fnMap":{"0":{"name":"(anonymous_0)","decl":{"start":{"line":5,"column":2},"end":{"line":5,"column":3}},"loc":{"start":{"line":5,"column":16},"end":{"line":12,"column":3}},"line":5},"1":{"name":"(anonymous_1)","decl":{"start":{"line":14,"column":2},"end":{"line":14,"column":3}},"loc":{"start":{"line":14,"column":28},"end":{"line":26,"column":3}},"line":14},"2":{"name":"(anonymous_2)","decl":{"start":{"line":21,"column":33},"end":{"line":21,"column":34}},"loc":{"start":{"line":21,"column":41},"end":{"line":21,"column":62}},"line":21},"3":{"name":"(anonymous_3)","decl":{"start":{"line":28,"column":2},"end":{"line":28,"column":3}},"loc":{"start":{"line":28,"column":19},"end":{"line":40,"column":3}},"line":28},"4":{"name":"(anonymous_4)","decl":{"start":{"line":42,"column":2},"end":{"line":42,"column":3}},"loc":{"start":{"line":42,"column":22},"end":{"line":47,"column":3}},"line":42},"5":{"name":"(anonymous_5)","decl":{"start":{"line":49,"column":2},"end":{"line":49,"column":3}},"loc":{"start":{"line":49,"column":11},"end":{"line":83,"column":3}},"line":49},"6":{"name":"(anonymous_6)","decl":{"start":{"line":68,"column":22},"end":{"line":68,"column":23}},"loc":{"start":{"line":68,"column":33},"end":{"line":68,"column":57}},"line":68},"7":{"name":"(anonymous_7)","decl":{"start":{"line":72,"column":21},"end":{"line":72,"column":22}},"loc":{"start":{"line":72,"column":27},"end":{"line":72,"column":64}},"line":72}},"branchMap":{"0":{"loc":{"start":{"line":15,"column":4},"end":{"line":25,"column":5}},"type":"if","locations":[{"start":{"line":15,"column":4},"end":{"line":25,"column":5}},{"start":{"line":15,"column":4},"end":{"line":25,"column":5}}],"line":15},"1":{"loc":{"start":{"line":75,"column":13},"end":{"line":75,"column":69}},"type":"cond-expr","locations":[{"start":{"line":75,"column":39},"end":{"line":75,"column":51}},{"start":{"line":75,"column":54},"end":{"line":75,"column":69}}],"line":75}},"s":{"0":10,"1":10,"2":2,"3":1,"4":1,"5":2,"6":1,"7":2,"8":2,"9":2,"10":1,"11":1,"12":18,"13":18,"14":1,"15":1},"f":{"0":10,"1":2,"2":2,"3":2,"4":1,"5":18,"6":1,"7":1},"b":{"0":[1,1],"1":[4,14]},"_coverageSchema":"332fd63041d2c1bcb487cc26dd0d5f7d97098a6c","hash":"9fd1918e39ba8873e8fcc0b9d1e1363048dc0a4c"}
,"/Users/torydberg/Projects/rachio-challenge/src/Components/DeviceContainer/DeviceContainer.js": {"path":"/Users/torydberg/Projects/rachio-challenge/src/Components/DeviceContainer/DeviceContainer.js","statementMap":{"0":{"start":{"line":5,"column":24},"end":{"line":22,"column":1}},"1":{"start":{"line":6,"column":2},"end":{"line":21,"column":3}},"2":{"start":{"line":7,"column":4},"end":{"line":11,"column":6}},"3":{"start":{"line":13,"column":18},"end":{"line":15,"column":6}},"4":{"start":{"line":14,"column":6},"end":{"line":14,"column":51}},"5":{"start":{"line":16,"column":4},"end":{"line":20,"column":6}}},"fnMap":{"0":{"name":"(anonymous_0)","decl":{"start":{"line":5,"column":24},"end":{"line":5,"column":25}},"loc":{"start":{"line":5,"column":35},"end":{"line":22,"column":1}},"line":5},"1":{"name":"(anonymous_1)","decl":{"start":{"line":13,"column":36},"end":{"line":13,"column":37}},"loc":{"start":{"line":13,"column":55},"end":{"line":15,"column":5}},"line":13}},"branchMap":{"0":{"loc":{"start":{"line":6,"column":2},"end":{"line":21,"column":3}},"type":"if","locations":[{"start":{"line":6,"column":2},"end":{"line":21,"column":3}},{"start":{"line":6,"column":2},"end":{"line":21,"column":3}}],"line":6}},"s":{"0":2,"1":2,"2":1,"3":1,"4":2,"5":1},"f":{"0":2,"1":2},"b":{"0":[1,1]},"_coverageSchema":"332fd63041d2c1bcb487cc26dd0d5f7d97098a6c","hash":"57492cf1505776c02623a4b13a7a343296bf08ce"}
,"/Users/torydberg/Projects/rachio-challenge/src/Components/Zone/Zone.js": {"path":"/Users/torydberg/Projects/rachio-challenge/src/Components/Zone/Zone.js","statementMap":{"0":{"start":{"line":7,"column":4},"end":{"line":7,"column":12}},"1":{"start":{"line":9,"column":4},"end":{"line":11,"column":6}},"2":{"start":{"line":15,"column":15},"end":{"line":15,"column":33}},"3":{"start":{"line":16,"column":21},"end":{"line":16,"column":50}},"4":{"start":{"line":17,"column":4},"end":{"line":29,"column":67}},"5":{"start":{"line":28,"column":18},"end":{"line":28,"column":54}},"6":{"start":{"line":29,"column":22},"end":{"line":29,"column":65}},"7":{"start":{"line":33,"column":19},"end":{"line":33,"column":29}},"8":{"start":{"line":34,"column":4},"end":{"line":47,"column":6}},"9":{"start":{"line":40,"column":30},"end":{"line":40,"column":60}}},"fnMap":{"0":{"name":"(anonymous_0)","decl":{"start":{"line":6,"column":2},"end":{"line":6,"column":3}},"loc":{"start":{"line":6,"column":16},"end":{"line":12,"column":3}},"line":6},"1":{"name":"(anonymous_1)","decl":{"start":{"line":14,"column":2},"end":{"line":14,"column":3}},"loc":{"start":{"line":14,"column":28},"end":{"line":30,"column":3}},"line":14},"2":{"name":"(anonymous_2)","decl":{"start":{"line":28,"column":12},"end":{"line":28,"column":13}},"loc":{"start":{"line":28,"column":18},"end":{"line":28,"column":54}},"line":28},"3":{"name":"(anonymous_3)","decl":{"start":{"line":29,"column":13},"end":{"line":29,"column":14}},"loc":{"start":{"line":29,"column":22},"end":{"line":29,"column":65}},"line":29},"4":{"name":"(anonymous_4)","decl":{"start":{"line":32,"column":2},"end":{"line":32,"column":3}},"loc":{"start":{"line":32,"column":11},"end":{"line":48,"column":3}},"line":32},"5":{"name":"(anonymous_5)","decl":{"start":{"line":40,"column":19},"end":{"line":40,"column":20}},"loc":{"start":{"line":40,"column":30},"end":{"line":40,"column":60}},"line":40}},"branchMap":{},"s":{"0":4,"1":4,"2":2,"3":2,"4":2,"5":2,"6":0,"7":7,"8":7,"9":1},"f":{"0":4,"1":2,"2":2,"3":0,"4":7,"5":1},"b":{},"_coverageSchema":"332fd63041d2c1bcb487cc26dd0d5f7d97098a6c","hash":"e32b413a37b27877bd9a3ba1a45b38f8621e5b8c"}
,"/Users/torydberg/Projects/rachio-challenge/src/Components/ZoneContainer/ZoneContainer.js": {"path":"/Users/torydberg/Projects/rachio-challenge/src/Components/ZoneContainer/ZoneContainer.js","statementMap":{"0":{"start":{"line":4,"column":22},"end":{"line":16,"column":1}},"1":{"start":{"line":6,"column":2},"end":{"line":10,"column":3}},"2":{"start":{"line":7,"column":4},"end":{"line":9,"column":7}},"3":{"start":{"line":8,"column":6},"end":{"line":8,"column":65}},"4":{"start":{"line":11,"column":2},"end":{"line":15,"column":4}}},"fnMap":{"0":{"name":"(anonymous_0)","decl":{"start":{"line":4,"column":22},"end":{"line":4,"column":23}},"loc":{"start":{"line":4,"column":47},"end":{"line":16,"column":1}},"line":4},"1":{"name":"(anonymous_1)","decl":{"start":{"line":7,"column":31},"end":{"line":7,"column":32}},"loc":{"start":{"line":7,"column":48},"end":{"line":9,"column":5}},"line":7}},"branchMap":{"0":{"loc":{"start":{"line":6,"column":2},"end":{"line":10,"column":3}},"type":"if","locations":[{"start":{"line":6,"column":2},"end":{"line":10,"column":3}},{"start":{"line":6,"column":2},"end":{"line":10,"column":3}}],"line":6}},"s":{"0":4,"1":2,"2":1,"3":2,"4":2},"f":{"0":2,"1":2},"b":{"0":[1,1]},"_coverageSchema":"332fd63041d2c1bcb487cc26dd0d5f7d97098a6c","hash":"65e459ffa1aaa02f8c6b47583402a32a22eb0e81"}
,"/Users/torydberg/Projects/rachio-challenge/src/helpers/apiKey.js": {"path":"/Users/torydberg/Projects/rachio-challenge/src/helpers/apiKey.js","statementMap":{"0":{"start":{"line":1,"column":22},"end":{"line":1,"column":60}}},"fnMap":{},"branchMap":{},"s":{"0":5},"f":{},"b":{},"_coverageSchema":"332fd63041d2c1bcb487cc26dd0d5f7d97098a6c","hash":"bff774944f8ac3bceb0d5c7400348d6d5708ef9a"}
}
