TN:
SF:/Users/torydberg/Projects/rachio-challenge/src/Components/App/App.js
FN:7,(anonymous_0)
FN:16,(anonymous_1)
FN:20,(anonymous_2)
FN:28,(anonymous_3)
FN:29,(anonymous_4)
FN:32,(anonymous_5)
FN:40,(anonymous_6)
FN:41,(anonymous_7)
FN:44,(anonymous_8)
FN:55,(anonymous_9)
FN:56,(anonymous_10)
FN:70,(anonymous_11)
FNF:12
FNH:0
FNDA:0,(anonymous_0)
FNDA:0,(anonymous_1)
FNDA:0,(anonymous_2)
FNDA:0,(anonymous_3)
FNDA:0,(anonymous_4)
FNDA:0,(anonymous_5)
FNDA:0,(anonymous_6)
FNDA:0,(anonymous_7)
FNDA:0,(anonymous_8)
FNDA:0,(anonymous_9)
FNDA:0,(anonymous_10)
FNDA:0,(anonymous_11)
DA:8,0
DA:10,0
DA:17,0
DA:21,0
DA:22,0
DA:28,0
DA:29,0
DA:33,0
DA:34,0
DA:40,0
DA:41,0
DA:45,0
DA:50,0
DA:56,0
DA:57,0
DA:67,0
DA:71,0
LF:17
LH:0
BRF:0
BRH:0
end_of_record
TN:
SF:/Users/torydberg/Projects/rachio-challenge/src/Components/Device/Device.js
FN:5,(anonymous_0)
FN:14,(anonymous_1)
FN:20,(anonymous_2)
FN:27,(anonymous_3)
FN:41,(anonymous_4)
FN:48,(anonymous_5)
FN:60,(anonymous_6)
FN:63,(anonymous_7)
FNF:8
FNH:0
FNDA:0,(anonymous_0)
FNDA:0,(anonymous_1)
FNDA:0,(anonymous_2)
FNDA:0,(anonymous_3)
FNDA:0,(anonymous_4)
FNDA:0,(anonymous_5)
FNDA:0,(anonymous_6)
FNDA:0,(anonymous_7)
DA:6,0
DA:8,0
DA:15,0
DA:16,0
DA:20,0
DA:21,0
DA:28,0
DA:29,0
DA:38,0
DA:42,0
DA:43,0
DA:49,0
DA:50,0
DA:60,0
DA:63,0
LF:15
LH:0
BRDA:15,0,0,0
BRDA:15,0,1,0
BRDA:65,1,0,0
BRDA:65,1,1,0
BRF:4
BRH:0
end_of_record
TN:
SF:/Users/torydberg/Projects/rachio-challenge/src/Components/DeviceContainer/DeviceContainer.js
FN:5,(anonymous_0)
FN:13,(anonymous_1)
FNF:2
FNH:0
FNDA:0,(anonymous_0)
FNDA:0,(anonymous_1)
DA:5,2
DA:6,0
DA:7,0
DA:13,0
DA:14,0
DA:16,0
LF:6
LH:1
BRDA:6,0,0,0
BRDA:6,0,1,0
BRF:2
BRH:0
end_of_record
TN:
SF:/Users/torydberg/Projects/rachio-challenge/src/Components/Zone/Zone.js
FN:5,(anonymous_0)
FN:13,(anonymous_1)
FN:28,(anonymous_2)
FN:29,(anonymous_3)
FN:32,(anonymous_4)
FN:40,(anonymous_5)
FNF:6
FNH:0
FNDA:0,(anonymous_0)
FNDA:0,(anonymous_1)
FNDA:0,(anonymous_2)
FNDA:0,(anonymous_3)
FNDA:0,(anonymous_4)
FNDA:0,(anonymous_5)
DA:6,0
DA:8,0
DA:14,0
DA:15,0
DA:16,0
DA:17,0
DA:28,0
DA:29,0
DA:33,0
DA:34,0
DA:40,0
LF:11
LH:0
BRF:0
BRH:0
end_of_record
TN:
SF:/Users/torydberg/Projects/rachio-challenge/src/Components/ZoneContainer/ZoneContainer.js
FN:4,(anonymous_0)
FN:7,(anonymous_1)
FNF:2
FNH:0
FNDA:0,(anonymous_0)
FNDA:0,(anonymous_1)
DA:4,4
DA:6,0
DA:7,0
DA:8,0
DA:11,0
LF:5
LH:1
BRDA:6,0,0,0
BRDA:6,0,1,0
BRF:2
BRH:0
end_of_record
TN:
SF:/Users/torydberg/Projects/rachio-challenge/src/helpers/apiKey.js
FNF:0
FNH:0
DA:1,5
LF:1
LH:1
BRF:0
BRH:0
end_of_record
