TN:
SF:/Users/torydberg/Projects/rachio-challenge/src/Components/App/App.js
FN:7,(anonymous_0)
FN:21,(anonymous_1)
FN:25,(anonymous_2)
FN:33,(anonymous_3)
FN:34,(anonymous_4)
FN:37,(anonymous_5)
FN:45,(anonymous_6)
FN:46,(anonymous_7)
FN:49,(anonymous_8)
FN:60,(anonymous_9)
FN:61,(anonymous_10)
FN:75,(anonymous_11)
FNF:12
FNH:12
FNDA:2,(anonymous_0)
FNDA:1,(anonymous_1)
FNDA:1,(anonymous_2)
FNDA:1,(anonymous_3)
FNDA:1,(anonymous_4)
FNDA:1,(anonymous_5)
FNDA:1,(anonymous_6)
FNDA:1,(anonymous_7)
FNDA:2,(anonymous_8)
FNDA:2,(anonymous_9)
FNDA:4,(anonymous_10)
FNDA:4,(anonymous_11)
DA:8,2
DA:10,2
DA:14,2
DA:15,2
DA:16,2
DA:17,2
DA:22,1
DA:26,1
DA:27,1
DA:33,1
DA:34,1
DA:38,1
DA:39,1
DA:45,1
DA:46,1
DA:50,2
DA:55,2
DA:61,2
DA:62,4
DA:72,2
DA:76,4
LF:21
LH:21
BRF:0
BRH:0
end_of_record
TN:
SF:/Users/torydberg/Projects/rachio-challenge/src/Components/Device/Device.js
FN:6,(anonymous_0)
FN:21,(anonymous_1)
FN:31,(anonymous_2)
FN:38,(anonymous_3)
FN:45,(anonymous_4)
FN:52,(anonymous_5)
FN:53,(anonymous_6)
FN:56,(anonymous_7)
FN:69,(anonymous_8)
FN:72,(anonymous_9)
FN:75,(anonymous_10)
FN:86,(anonymous_11)
FN:105,(anonymous_12)
FN:109,(anonymous_13)
FNF:14
FNH:13
FNDA:9,(anonymous_0)
FNDA:2,(anonymous_1)
FNDA:2,(anonymous_2)
FNDA:2,(anonymous_3)
FNDA:1,(anonymous_4)
FNDA:1,(anonymous_5)
FNDA:2,(anonymous_6)
FNDA:1,(anonymous_7)
FNDA:1,(anonymous_8)
FNDA:0,(anonymous_9)
FNDA:21,(anonymous_10)
FNDA:1,(anonymous_11)
FNDA:1,(anonymous_12)
FNDA:1,(anonymous_13)
DA:7,9
DA:9,9
DA:14,9
DA:15,9
DA:16,9
DA:17,9
DA:18,9
DA:24,2
DA:25,2
DA:28,2
DA:32,2
DA:33,1
DA:38,2
DA:39,1
DA:46,1
DA:47,1
DA:53,2
DA:57,1
DA:58,1
DA:69,1
DA:72,0
DA:76,21
DA:77,21
DA:86,1
DA:105,1
DA:109,1
LF:26
LH:25
BRDA:32,0,0,1
BRDA:32,0,1,1
BRDA:89,1,0,6
BRDA:89,1,1,15
BRF:4
BRH:4
end_of_record
TN:
SF:/Users/torydberg/Projects/rachio-challenge/src/Components/DeviceContainer/DeviceContainer.js
FN:6,(anonymous_0)
FN:14,(anonymous_1)
FNF:2
FNH:2
FNDA:2,(anonymous_0)
FNDA:2,(anonymous_1)
DA:6,2
DA:7,2
DA:8,1
DA:14,1
DA:15,2
DA:17,1
DA:27,2
LF:7
LH:7
BRDA:7,0,0,1
BRDA:7,0,1,1
BRF:2
BRH:2
end_of_record
TN:
SF:/Users/torydberg/Projects/rachio-challenge/src/Components/Zone/Zone.js
FN:7,(anonymous_0)
FN:19,(anonymous_1)
FN:26,(anonymous_2)
FN:40,(anonymous_3)
FN:41,(anonymous_4)
FN:44,(anonymous_5)
FN:66,(anonymous_6)
FN:69,(anonymous_7)
FNF:8
FNH:7
FNDA:6,(anonymous_0)
FNDA:1,(anonymous_1)
FNDA:2,(anonymous_2)
FNDA:2,(anonymous_3)
FNDA:0,(anonymous_4)
FNDA:11,(anonymous_5)
FNDA:1,(anonymous_6)
FNDA:1,(anonymous_7)
DA:8,6
DA:10,6
DA:15,6
DA:16,6
DA:20,1
DA:21,1
DA:27,2
DA:28,2
DA:29,2
DA:40,2
DA:41,0
DA:45,11
DA:46,11
DA:66,1
DA:69,1
DA:80,5
LF:16
LH:15
BRF:0
BRH:0
end_of_record
TN:
SF:/Users/torydberg/Projects/rachio-challenge/src/Components/ZoneContainer/ZoneContainer.js
FN:4,(anonymous_0)
FN:7,(anonymous_1)
FNF:2
FNH:2
FNDA:2,(anonymous_0)
FNDA:2,(anonymous_1)
DA:4,4
DA:6,2
DA:7,1
DA:8,2
DA:11,2
LF:5
LH:5
BRDA:6,0,0,1
BRDA:6,0,1,1
BRF:2
BRH:2
end_of_record
TN:
SF:/Users/torydberg/Projects/rachio-challenge/src/helpers/apiKey.js
FNF:0
FNH:0
DA:1,5
LF:1
LH:1
BRF:0
BRH:0
end_of_record
